<?xml version="1.0" encoding="UTF-8"?>
<!-- Generated by org.testng.reporters.JUnitXMLReporter -->
<testsuite ignored="0" hostname="DESKTOP-K31S86O" failures="0" tests="5" name="Dashboard" time="23.74" errors="0" timestamp="2023-02-10T11:43:10 IST">
  <testcase classname="com.kpitech.test.DashboardTest" name="CheckDashboardElement" time="0.007"/>
  <testcase classname="com.kpitech.test.DashboardTest" name="CheckMenuScreenElement" time="0.002"/>
  <testcase classname="com.kpitech.test.DashboardTest" name="CheckSettingScreenElement" time="23.603"/>
  <testcase classname="com.kpitech.test.DashboardTest" name="CheckProfileScreenElement" time="0.003"/>
  <testcase classname="com.kpitech.test.DashboardTest" name="CheckProfileSettingScreenElement" time="0.005"/>
</testsuite> <!-- Dashboard -->
