<?xml version="1.0" encoding="UTF-8"?>
<testng-results ignored="0" total="5" passed="5" failed="0" skipped="0">
  <reporter-output>
  </reporter-output>
  <suite started-at="2023-02-10T11:42:46 IST" name="Suite" finished-at="2023-02-10T11:43:10 IST" duration-ms="24091">
    <groups>
    </groups>
    <test started-at="2023-02-10T11:42:46 IST" name="Login" finished-at="2023-02-10T11:42:46 IST" duration-ms="105">
    </test> <!-- Login -->
    <test started-at="2023-02-10T11:42:46 IST" name="Forgot_Password" finished-at="2023-02-10T11:42:46 IST" duration-ms="1">
    </test> <!-- Forgot_Password -->
    <test started-at="2023-02-10T11:42:46 IST" name="Dashboard" finished-at="2023-02-10T11:43:10 IST" duration-ms="23740">
      <class name="com.kpitech.test.TestConfig">
        <test-method is-config="true" signature="setup()[pri:0, instance:com.kpitech.test.TestConfig@1a6d8329]" started-at="2023-02-10T11:42:38 IST" name="setup" finished-at="2023-02-10T11:42:46 IST" duration-ms="7774" status="PASS">
          <reporter-output>
          </reporter-output>
        </test-method> <!-- setup -->
        <test-method is-config="true" signature="shutdown()[pri:0, instance:com.kpitech.test.TestConfig@1a6d8329]" started-at="2023-02-10T11:43:10 IST" name="shutdown" finished-at="2023-02-10T11:43:10 IST" duration-ms="378" status="PASS">
          <reporter-output>
          </reporter-output>
        </test-method> <!-- shutdown -->
      </class> <!-- com.kpitech.test.TestConfig -->
      <class name="com.kpitech.test.DashboardTest">
        <test-method is-config="true" signature="initiateDriver()[pri:0, instance:com.kpitech.test.DashboardTest@273444fe]" started-at="2023-02-10T11:42:46 IST" name="initiateDriver" finished-at="2023-02-10T11:42:46 IST" duration-ms="0" status="PASS">
          <reporter-output>
          </reporter-output>
        </test-method> <!-- initiateDriver -->
        <test-method signature="CheckDashboardElement()[pri:1, instance:com.kpitech.test.DashboardTest@273444fe]" started-at="2023-02-10T11:42:46 IST" name="CheckDashboardElement" finished-at="2023-02-10T11:42:46 IST" duration-ms="7" status="PASS">
          <reporter-output>
          </reporter-output>
        </test-method> <!-- CheckDashboardElement -->
        <test-method is-config="true" signature="initiateDriver()[pri:0, instance:com.kpitech.test.DashboardTest@273444fe]" started-at="2023-02-10T11:42:46 IST" name="initiateDriver" finished-at="2023-02-10T11:42:46 IST" duration-ms="1" status="PASS">
          <reporter-output>
          </reporter-output>
        </test-method> <!-- initiateDriver -->
        <test-method signature="CheckMenuScreenElement()[pri:2, instance:com.kpitech.test.DashboardTest@273444fe]" started-at="2023-02-10T11:42:46 IST" name="CheckMenuScreenElement" finished-at="2023-02-10T11:42:46 IST" duration-ms="2" status="PASS">
          <reporter-output>
          </reporter-output>
        </test-method> <!-- CheckMenuScreenElement -->
        <test-method signature="CheckSettingScreenElement()[pri:3, instance:com.kpitech.test.DashboardTest@273444fe]" started-at="2023-02-10T11:42:46 IST" name="CheckSettingScreenElement" finished-at="2023-02-10T11:43:10 IST" duration-ms="23603" status="PASS">
          <reporter-output>
          </reporter-output>
        </test-method> <!-- CheckSettingScreenElement -->
        <test-method is-config="true" signature="initiateDriver()[pri:0, instance:com.kpitech.test.DashboardTest@273444fe]" started-at="2023-02-10T11:42:46 IST" name="initiateDriver" finished-at="2023-02-10T11:42:46 IST" duration-ms="0" status="PASS">
          <reporter-output>
          </reporter-output>
        </test-method> <!-- initiateDriver -->
        <test-method is-config="true" signature="initiateDriver()[pri:0, instance:com.kpitech.test.DashboardTest@273444fe]" started-at="2023-02-10T11:43:10 IST" name="initiateDriver" finished-at="2023-02-10T11:43:10 IST" duration-ms="1" status="PASS">
          <reporter-output>
          </reporter-output>
        </test-method> <!-- initiateDriver -->
        <test-method signature="CheckProfileScreenElement()[pri:4, instance:com.kpitech.test.DashboardTest@273444fe]" started-at="2023-02-10T11:43:10 IST" name="CheckProfileScreenElement" finished-at="2023-02-10T11:43:10 IST" duration-ms="3" status="PASS">
          <reporter-output>
          </reporter-output>
        </test-method> <!-- CheckProfileScreenElement -->
        <test-method is-config="true" signature="initiateDriver()[pri:0, instance:com.kpitech.test.DashboardTest@273444fe]" started-at="2023-02-10T11:43:10 IST" name="initiateDriver" finished-at="2023-02-10T11:43:10 IST" duration-ms="1" status="PASS">
          <reporter-output>
          </reporter-output>
        </test-method> <!-- initiateDriver -->
        <test-method signature="CheckProfileSettingScreenElement()[pri:5, instance:com.kpitech.test.DashboardTest@273444fe]" started-at="2023-02-10T11:43:10 IST" name="CheckProfileSettingScreenElement" finished-at="2023-02-10T11:43:10 IST" duration-ms="5" status="PASS">
          <reporter-output>
          </reporter-output>
        </test-method> <!-- CheckProfileSettingScreenElement -->
      </class> <!-- com.kpitech.test.DashboardTest -->
    </test> <!-- Dashboard -->
  </suite> <!-- Suite -->
</testng-results>
